# JRE version: Java(TM) SE Runtime Environment (8.0_111-b14) (build 1.8.0_111-b14)
# Java VM: Java HotSpot(TM) 64-Bit Server VM (25.111-b14 mixed mode windows-amd64 compressed oops)
Heap:
 PSYoungGen      total 181760K, used 123620K [0x00000000e0000000, 0x00000000eef00000, 0x0000000100000000)
  eden space 133120K, 56% used [0x00000000e0000000,0x00000000e4939308,0x00000000e8200000)
  from space 48640K, 99% used [0x00000000e8400000,0x00000000eb37ff08,0x00000000eb380000)
  to   space 55808K, 0% used [0x00000000eb880000,0x00000000eb880000,0x00000000eef00000)
 ParOldGen       total 279040K, used 57978K [0x00000000a0000000, 0x00000000b1080000, 0x00000000e0000000)
  object space 279040K, 20% used [0x00000000a0000000,0x00000000a389e8f0,0x00000000b1080000)
 Metaspace       used 90720K, capacity 94434K, committed 94592K, reserved 1130496K
  class space    used 11810K, capacity 12627K, committed 12672K, reserved 1048576K
GC Heap History (10 events):
Event: 307.086 GC heap before
{Heap before GC invocations=18 (full 3):
 PSYoungGen      total 177664K, used 177651K [0x00000000e0000000, 0x00000000ee400000, 0x0000000100000000)
  eden space 144384K, 100% used [0x00000000e0000000,0x00000000e8d00000,0x00000000e8d00000)
  from space 33280K, 99% used [0x00000000ec380000,0x00000000ee3fcee0,0x00000000ee400000)
  to   space 37888K, 0% used [0x00000000e9a00000,0x00000000e9a00000,0x00000000ebf00000)
 ParOldGen       total 279040K, used 56815K [0x00000000a0000000, 0x00000000b1080000, 0x00000000e0000000)
  object space 279040K, 20% used [0x00000000a0000000,0x00000000a377be80,0x00000000b1080000)
 Metaspace       used 87284K, capacity 90660K, committed 91008K, reserved 1128448K
  class space    used 11609K, capacity 12320K, committed 12416K, reserved 1048576K
Event: 307.107 GC heap after
Heap after GC invocations=18 (full 3):
 PSYoungGen      total 177664K, used 35504K [0x00000000e0000000, 0x00000000edd80000, 0x0000000100000000)
  eden space 141824K, 0% used [0x00000000e0000000,0x00000000e0000000,0x00000000e8a80000)
  from space 35840K, 99% used [0x00000000e9a00000,0x00000000ebcac060,0x00000000ebd00000)
  to   space 33280K, 0% used [0x00000000ebd00000,0x00000000ebd00000,0x00000000edd80000)
 ParOldGen       total 279040K, used 56823K [0x00000000a0000000, 0x00000000b1080000, 0x00000000e0000000)
  object space 279040K, 20% used [0x00000000a0000000,0x00000000a377de80,0x00000000b1080000)
 Metaspace       used 87284K, capacity 90660K, committed 91008K, reserved 1128448K
  class space    used 11609K, capacity 12320K, committed 12416K, reserved 1048576K
}
Event: 785.410 GC heap before
{Heap before GC invocations=19 (full 3):
 PSYoungGen      total 177664K, used 177326K [0x00000000e0000000, 0x00000000edd80000, 0x0000000100000000)
  eden space 141824K, 99% used [0x00000000e0000000,0x00000000e8a7fa60,0x00000000e8a80000)
  from space 35840K, 99% used [0x00000000e9a00000,0x00000000ebcac060,0x00000000ebd00000)
  to   space 33280K, 0% used [0x00000000ebd00000,0x00000000ebd00000,0x00000000edd80000)
 ParOldGen       total 279040K, used 56823K [0x00000000a0000000, 0x00000000b1080000, 0x00000000e0000000)
  object space 279040K, 20% used [0x00000000a0000000,0x00000000a377de80,0x00000000b1080000)
 Metaspace       used 88414K, capacity 91878K, committed 92032K, reserved 1128448K
  class space    used 11641K, capacity 12415K, committed 12416K, reserved 1048576K
Event: 785.430 GC heap after
Heap after GC invocations=19 (full 3):
 PSYoungGen      total 172544K, used 32125K [0x00000000e0000000, 0x00000000ee000000, 0x0000000100000000)
  eden space 139264K, 0% used [0x00000000e0000000,0x00000000e0000000,0x00000000e8800000)
  from space 33280K, 96% used [0x00000000ebd00000,0x00000000edc5f6c0,0x00000000edd80000)
  to   space 45056K, 0% used [0x00000000e8800000,0x00000000e8800000,0x00000000eb400000)
 ParOldGen       total 279040K, used 56831K [0x00000000a0000000, 0x00000000b1080000, 0x00000000e0000000)
  object space 279040K, 20% used [0x00000000a0000000,0x00000000a377fe80,0x00000000b1080000)
 Metaspace       used 88414K, capacity 91878K, committed 92032K, reserved 1128448K
  class space    used 11641K, capacity 12415K, committed 12416K, reserved 1048576K
}
Event: 797.645 GC heap before
{Heap before GC invocations=20 (full 3):
 PSYoungGen      total 172544K, used 171389K [0x00000000e0000000, 0x00000000ee000000, 0x0000000100000000)
  eden space 139264K, 100% used [0x00000000e0000000,0x00000000e8800000,0x00000000e8800000)
  from space 33280K, 96% used [0x00000000ebd00000,0x00000000edc5f6c0,0x00000000edd80000)
  to   space 45056K, 0% used [0x00000000e8800000,0x00000000e8800000,0x00000000eb400000)
 ParOldGen       total 279040K, used 56831K [0x00000000a0000000, 0x00000000b1080000, 0x00000000e0000000)
  object space 279040K, 20% used [0x00000000a0000000,0x00000000a377fe80,0x00000000b1080000)
 Metaspace       used 89078K, capacity 92570K, committed 92672K, reserved 1130496K
  class space    used 11710K, capacity 12487K, committed 12544K, reserved 1048576K
Event: 797.688 GC heap after
Heap after GC invocations=20 (full 3):
 PSYoungGen      total 182272K, used 35382K [0x00000000e0000000, 0x00000000ee400000, 0x0000000100000000)
  eden space 137216K, 0% used [0x00000000e0000000,0x00000000e0000000,0x00000000e8600000)
  from space 45056K, 78% used [0x00000000e8800000,0x00000000eaa8da10,0x00000000eb400000)
  to   space 48128K, 0% used [0x00000000eb500000,0x00000000eb500000,0x00000000ee400000)
 ParOldGen       total 279040K, used 56839K [0x00000000a0000000, 0x00000000b1080000, 0x00000000e0000000)
  object space 279040K, 20% used [0x00000000a0000000,0x00000000a3781e80,0x00000000b1080000)
 Metaspace       used 89078K, capacity 92570K, committed 92672K, reserved 1130496K
  class space    used 11710K, capacity 12487K, committed 12544K, reserved 1048576K
}
Event: 840.924 GC heap before
{Heap before GC invocations=21 (full 3):
 PSYoungGen      total 182272K, used 172598K [0x00000000e0000000, 0x00000000ee400000, 0x0000000100000000)
  eden space 137216K, 100% used [0x00000000e0000000,0x00000000e8600000,0x00000000e8600000)
  from space 45056K, 78% used [0x00000000e8800000,0x00000000eaa8da10,0x00000000eb400000)
  to   space 48128K, 0% used [0x00000000eb500000,0x00000000eb500000,0x00000000ee400000)
 ParOldGen       total 279040K, used 56839K [0x00000000a0000000, 0x00000000b1080000, 0x00000000e0000000)
  object space 279040K, 20% used [0x00000000a0000000,0x00000000a3781e80,0x00000000b1080000)
 Metaspace       used 89701K, capacity 93298K, committed 93440K, reserved 1130496K
  class space    used 11725K, capacity 12513K, committed 12544K, reserved 1048576K
Event: 840.943 GC heap after
Heap after GC invocations=21 (full 3):
 PSYoungGen      total 182272K, used 30850K [0x00000000e0000000, 0x00000000ee300000, 0x0000000100000000)
  eden space 135168K, 0% used [0x00000000e0000000,0x00000000e0000000,0x00000000e8400000)
  from space 47104K, 65% used [0x00000000eb500000,0x00000000ed320b70,0x00000000ee300000)
  to   space 48640K, 0% used [0x00000000e8400000,0x00000000e8400000,0x00000000eb380000)
 ParOldGen       total 279040K, used 56847K [0x00000000a0000000, 0x00000000b1080000, 0x00000000e0000000)
  object space 279040K, 20% used [0x00000000a0000000,0x00000000a3783e80,0x00000000b1080000)
 Metaspace       used 89701K, capacity 93298K, committed 93440K, reserved 1130496K
  class space    used 11725K, capacity 12513K, committed 12544K, reserved 1048576K
}
Event: 1034.185 GC heap before
{Heap before GC invocations=22 (full 3):
 PSYoungGen      total 182272K, used 166018K [0x00000000e0000000, 0x00000000ee300000, 0x0000000100000000)
  eden space 135168K, 100% used [0x00000000e0000000,0x00000000e8400000,0x00000000e8400000)
  from space 47104K, 65% used [0x00000000eb500000,0x00000000ed320b70,0x00000000ee300000)
  to   space 48640K, 0% used [0x00000000e8400000,0x00000000e8400000,0x00000000eb380000)
 ParOldGen       total 279040K, used 56847K [0x00000000a0000000, 0x00000000b1080000, 0x00000000e0000000)
  object space 279040K, 20% used [0x00000000a0000000,0x00000000a3783e80,0x00000000b1080000)
 Metaspace       used 90680K, capacity 94370K, committed 94592K, reserved 1130496K
  class space    used 11810K, capacity 12627K, committed 12672K, reserved 1048576K
Event: 1034.260 GC heap after
Heap after GC invocations=22 (full 3):
 PSYoungGen      total 181760K, used 48639K [0x00000000e0000000, 0x00000000eef00000, 0x0000000100000000)
  eden space 133120K, 0% used [0x00000000e0000000,0x00000000e0000000,0x00000000e8200000)
  from space 48640K, 99% used [0x00000000e8400000,0x00000000eb37ff08,0x00000000eb380000)
  to   space 55808K, 0% used [0x00000000eb880000,0x00000000eb880000,0x00000000eef00000)
 ParOldGen       total 279040K, used 57978K [0x00000000a0000000, 0x00000000b1080000, 0x00000000e0000000)
  object space 279040K, 20% used [0x00000000a0000000,0x00000000a389e8f0,0x00000000b1080000)
 Metaspace       used 90680K, capacity 94370K, committed 94592K, reserved 1130496K
  class space    used 11810K, capacity 12627K, committed 12672K, reserved 1048576K
}

